Base path: /Applications/Unity/Unity.app/Contents
Pipe name: \\.\pipe\UnityShaderCompiler-64bit-1-1995199232
Cmd: getPlatforms
Cmd: preprocess
  insize=903 outsize=450 ok=1
Cmd: compileSnippet
  api=0 type=0 insize=759 outsize=424 kw= ok=1
Cmd: compileSnippet
  api=0 type=1 insize=759 outsize=6 kw= ok=1
Cmd: preprocess
  insize=1094 outsize=473 ok=1
Cmd: compileSnippet
  api=0 type=0 insize=925 outsize=632 kw= ok=1
Cmd: compileSnippet
  api=0 type=1 insize=925 outsize=6 kw= ok=1
Cmd: preprocess
  insize=1034 outsize=448 ok=1
Cmd: compileSnippet
  api=0 type=0 insize=891 outsize=559 kw= ok=1
Cmd: compileSnippet
  api=0 type=1 insize=891 outsize=6 kw= ok=1
Cmd: preprocess
  insize=1101 outsize=416 ok=1
Cmd: compileSnippet
  api=0 type=0 insize=990 outsize=813 kw= ok=1
Cmd: compileSnippet
  api=0 type=1 insize=990 outsize=6 kw= ok=1
Cmd: preprocess
  insize=1065 outsize=612 ok=1
Cmd: compileSnippet
  api=0 type=0 insize=759 outsize=424 kw= ok=1
Cmd: compileSnippet
  api=0 type=1 insize=759 outsize=6 kw= ok=1
Cmd: preprocess
  insize=2003 outsize=580 ok=1
Cmd: compileSnippet
  api=0 type=0 insize=1725 outsize=876 kw= ok=1
Cmd: compileSnippet
  api=0 type=1 insize=1725 outsize=6 kw= ok=1
Cmd: preprocess
  insize=1058 outsize=459 ok=1
Cmd: compileSnippet
  api=0 type=0 insize=904 outsize=852 kw= ok=1
Cmd: compileSnippet
  api=0 type=1 insize=904 outsize=6 kw= ok=1
Cmd: preprocess
  insize=1127 outsize=442 ok=1
Cmd: compileSnippet
  api=0 type=0 insize=990 outsize=813 kw= ok=1
Cmd: compileSnippet
  api=0 type=1 insize=990 outsize=6 kw= ok=1
Cmd: preprocess
  insize=1680 outsize=573 ok=1
Cmd: compileSnippet
  api=0 type=0 insize=1413 outsize=903 kw= ok=1
Cmd: compileSnippet
  api=0 type=1 insize=1413 outsize=6 kw= ok=1
Cmd: compileSnippet
  api=0 type=0 insize=990 outsize=450 kw= ok=1
Cmd: compileSnippet
  api=0 type=1 insize=990 outsize=6 kw= ok=1
Cmd: compileSnippet
  api=0 type=0 insize=541 outsize=1880 kw=SHADOWS_DEPTH ok=1
Cmd: compileSnippet
  api=0 type=1 insize=541 outsize=6 kw=SHADOWS_DEPTH ok=1
Cmd: compileSnippet
  api=0 type=0 insize=6810 outsize=2287 kw=DIRECTIONAL SHADOWS_OFF LIGHTMAP_OFF DIRLIGHTMAP_OFF DYNAMICLIGHTMAP_OFF ok=1
Cmd: compileSnippet
  api=0 type=1 insize=6810 outsize=6 kw=DIRECTIONAL SHADOWS_OFF LIGHTMAP_OFF DIRLIGHTMAP_OFF DYNAMICLIGHTMAP_OFF ok=1
Cmd: compileSnippet
  api=0 type=0 insize=959 outsize=394 kw= ok=1
Cmd: compileSnippet
  api=0 type=1 insize=959 outsize=6 kw= ok=1
